0 info it worked if it ends with ok
1 verbose cli [ '/usr/local/bin/node', '/usr/local/bin/npm', 'run', 'devserve' ]
2 info using npm@3.8.9
3 info using node@v5.12.0
4 verbose run-script [ 'predevserve', 'devserve', 'postdevserve' ]
5 info lifecycle consolidated-explorers@1.0.0~predevserve: consolidated-explorers@1.0.0
6 silly lifecycle consolidated-explorers@1.0.0~predevserve: no script for predevserve, continuing
7 info lifecycle consolidated-explorers@1.0.0~devserve: consolidated-explorers@1.0.0
8 verbose lifecycle consolidated-explorers@1.0.0~devserve: unsafe-perm in lifecycle true
9 verbose lifecycle consolidated-explorers@1.0.0~devserve: PATH: /usr/local/lib/node_modules/npm/bin/node-gyp-bin:/Users/chriswhong/Sites/consolidate/node_modules/.bin:/usr/local/bin:/usr/local/bin:/usr/bin:/bin:/usr/sbin:/sbin:/usr/local/share/npm/bin:/opt/X11/bin:/opt/ImageMagick/bin:/Library/Frameworks/GDAL.framework/Programs:/usr/local/lib/ruby/gems/1.9.1/gems/jekyll-2.5.3/bin
10 verbose lifecycle consolidated-explorers@1.0.0~devserve: CWD: /Users/chriswhong/Sites/consolidate
11 silly lifecycle consolidated-explorers@1.0.0~devserve: Args: [ '-c',
11 silly lifecycle   'webpack-dev-server --config webpack.dev.config.js --hot --progress --colors --history-api-fallback --inline' ]
12 silly lifecycle consolidated-explorers@1.0.0~devserve: Returned: code: 1  signal: null
13 info lifecycle consolidated-explorers@1.0.0~devserve: Failed to exec devserve script
14 verbose stack Error: consolidated-explorers@1.0.0 devserve: `webpack-dev-server --config webpack.dev.config.js --hot --progress --colors --history-api-fallback --inline`
14 verbose stack Exit status 1
14 verbose stack     at EventEmitter.<anonymous> (/usr/local/lib/node_modules/npm/lib/utils/lifecycle.js:245:16)
14 verbose stack     at emitTwo (events.js:100:13)
14 verbose stack     at EventEmitter.emit (events.js:185:7)
14 verbose stack     at ChildProcess.<anonymous> (/usr/local/lib/node_modules/npm/lib/utils/spawn.js:24:14)
14 verbose stack     at emitTwo (events.js:100:13)
14 verbose stack     at ChildProcess.emit (events.js:185:7)
14 verbose stack     at maybeClose (internal/child_process.js:850:16)
14 verbose stack     at Process.ChildProcess._handle.onexit (internal/child_process.js:215:5)
15 verbose pkgid consolidated-explorers@1.0.0
16 verbose cwd /Users/chriswhong/Sites/consolidate
17 error Darwin 15.6.0
18 error argv "/usr/local/bin/node" "/usr/local/bin/npm" "run" "devserve"
19 error node v5.12.0
20 error npm  v3.8.9
21 error code ELIFECYCLE
22 error consolidated-explorers@1.0.0 devserve: `webpack-dev-server --config webpack.dev.config.js --hot --progress --colors --history-api-fallback --inline`
22 error Exit status 1
23 error Failed at the consolidated-explorers@1.0.0 devserve script 'webpack-dev-server --config webpack.dev.config.js --hot --progress --colors --history-api-fallback --inline'.
23 error Make sure you have the latest version of node.js and npm installed.
23 error If you do, this is most likely a problem with the consolidated-explorers package,
23 error not with npm itself.
23 error Tell the author that this fails on your system:
23 error     webpack-dev-server --config webpack.dev.config.js --hot --progress --colors --history-api-fallback --inline
23 error You can get information on how to open an issue for this project with:
23 error     npm bugs consolidated-explorers
23 error Or if that isn't available, you can get their info via:
23 error     npm owner ls consolidated-explorers
23 error There is likely additional logging output above.
24 verbose exit [ 1, true ]
